<?xml version="1.0" encoding="UTF-8"?>
<!-- Generated by org.testng.reporters.JUnitReportReporter -->
<testsuite hostname="Susmita" failures="0" tests="1" name="MyTest.TestClass" time="13.656" errors="0" timestamp="2024-11-22T12:25:34 IST" skipped="0">
  <testcase classname="MyTest.TestClass" name="test1" time="13.656"/>
</testsuite> <!-- MyTest.TestClass -->
