<?xml version="1.0" encoding="UTF-8"?>
<!-- Generated by org.testng.reporters.JUnitReportReporter -->
<testsuite hostname="Susmita" failures="0" tests="1" name="MyTest.TestClass" time="14.153" errors="0" timestamp="2024-11-21T22:29:53 IST" skipped="0">
  <testcase classname="MyTest.TestClass" name="test1" time="14.153"/>
</testsuite> <!-- MyTest.TestClass -->
